[INFO][Fri Aug 23 17:44:36 2024] Log file initialized.
[INFO][Fri Aug 23 17:44:36 2024] Program started.
[INFO][Fri Aug 23 17:44:36 2024] Model path: /home/xujg/code/UAV-VisionLoc-Deploy/cpp/install/UAV-VisionLoc-C_Linux/model/uvl_v0807.rknn, Database path: /home/xujg/code/UAV-VisionLoc-Deploy/cpp/install/UAV-VisionLoc-C_Linux/model/database_features.h5
[INFO][Fri Aug 23 17:44:39 2024] Starting camera capture thread...
[INFO][Fri Aug 23 17:44:39 2024] Starting UDP receive thread...
[INFO][Fri Aug 23 17:45:34 2024] RKNN inference run successfully.
[INFO][Fri Aug 23 17:45:34 2024] Saving image as /home/xujg/code/UAV-VisionLoc-Deploy/exp11/2024-08-23_17-44-39/17-45-34_38.9622_116.172.jpg
[INFO][Fri Aug 23 17:45:34 2024] Predict position(UTM): (439414.343750, 4220692.000000)
[INFO][Fri Aug 23 17:45:34 2024] Predict position: (44.981521, 116.231543)
[INFO][Fri Aug 23 17:45:34 2024] Real position: (38.962242, 116.172424)
[INFO][Fri Aug 23 17:45:34 2024] Real position(UTM): (428300.171742, 4341412.400254)
[INFO][Fri Aug 23 17:45:34 2024] RKNN inference run successfully.
[INFO][Fri Aug 23 17:45:34 2024] Saving image as /home/xujg/code/UAV-VisionLoc-Deploy/exp11/2024-08-23_17-44-39/17-45-34_38.0676_116.04.jpg
[INFO][Fri Aug 23 17:45:34 2024] Predict position(UTM): (437413.281250, 4221096.000000)
[INFO][Fri Aug 23 17:45:34 2024] Predict position: (44.985076, 116.206113)
[INFO][Fri Aug 23 17:45:34 2024] Real position: (38.067574, 116.039597)
[INFO][Fri Aug 23 17:45:34 2024] Real position(UTM): (415755.619541, 4241585.868309)
[INFO][Fri Aug 23 17:45:34 2024] RKNN inference run successfully.
[INFO][Fri Aug 23 17:45:34 2024] Saving image as /home/xujg/code/UAV-VisionLoc-Deploy/exp11/2024-08-23_17-44-39/17-45-34_38.0705_116.993.jpg
[INFO][Fri Aug 23 17:45:34 2024] Predict position(UTM): (437463.687500, 4221096.000000)
[INFO][Fri Aug 23 17:45:34 2024] Predict position: (44.985080, 116.206752)
[INFO][Fri Aug 23 17:45:34 2024] Real position: (38.070541, 116.993080)
[INFO][Fri Aug 23 17:45:34 2024] Real position(UTM): (499393.037133, 4241700.012004)
[INFO][Fri Aug 23 17:45:34 2024] RKNN inference run successfully.
[INFO][Fri Aug 23 17:45:34 2024] Saving image as /home/xujg/code/UAV-VisionLoc-Deploy/exp11/2024-08-23_17-44-39/17-45-34_38.7762_116.371.jpg
[INFO][Fri Aug 23 17:45:34 2024] Predict position(UTM): (439414.906250, 4220767.000000)
[INFO][Fri Aug 23 17:45:34 2024] Predict position: (44.982213, 116.231541)
[INFO][Fri Aug 23 17:45:34 2024] Real position: (38.776161, 116.370834)
[INFO][Fri Aug 23 17:45:34 2024] Real position(UTM): (445347.965457, 4320575.735204)
[INFO][Fri Aug 23 17:45:34 2024] RKNN inference run successfully.
[INFO][Fri Aug 23 17:45:34 2024] Saving image as /home/xujg/code/UAV-VisionLoc-Deploy/exp11/2024-08-23_17-44-39/17-45-34_38.5647_116.508.jpg
[INFO][Fri Aug 23 17:45:34 2024] Predict position(UTM): (437725.062500, 4220478.500000)
[INFO][Fri Aug 23 17:45:34 2024] Predict position: (44.979404, 116.210145)
[INFO][Fri Aug 23 17:45:34 2024] Real position: (38.564728, 116.507507)
[INFO][Fri Aug 23 17:45:34 2024] Real position(UTM): (457094.026380, 4296934.823318)
[INFO][Fri Aug 23 17:45:34 2024] RKNN inference run successfully.
[INFO][Fri Aug 23 17:45:34 2024] Saving image as /home/xujg/code/UAV-VisionLoc-Deploy/exp11/2024-08-23_17-44-39/17-45-34_38.9027_116.538.jpg
[INFO][Fri Aug 23 17:45:34 2024] Predict position(UTM): (437463.687500, 4221096.000000)
[INFO][Fri Aug 23 17:45:34 2024] Predict position: (44.985080, 116.206752)
[INFO][Fri Aug 23 17:45:34 2024] Real position: (38.902679, 116.537628)
[INFO][Fri Aug 23 17:45:34 2024] Real position(UTM): (459907.530629, 4334664.449517)
[INFO][Fri Aug 23 17:45:34 2024] RKNN inference run successfully.
[INFO][Fri Aug 23 17:45:34 2024] Saving image as /home/xujg/code/UAV-VisionLoc-Deploy/exp11/2024-08-23_17-44-39/17-45-34_38.1133_116.598.jpg
[INFO][Fri Aug 23 17:45:34 2024] Predict position(UTM): (437463.500000, 4221070.500000)
[INFO][Fri Aug 23 17:45:34 2024] Predict position: (44.984845, 116.206753)
[INFO][Fri Aug 23 17:45:34 2024] Real position: (38.113258, 116.598228)
[INFO][Fri Aug 23 17:45:34 2024] Real position(UTM): (464779.782043, 4246507.482001)
[INFO][Fri Aug 23 17:45:35 2024] RKNN inference run successfully.
[INFO][Fri Aug 23 17:45:35 2024] Saving image as /home/xujg/code/UAV-VisionLoc-Deploy/exp11/2024-08-23_17-44-39/17-45-35_38.8614_116.13.jpg
[INFO][Fri Aug 23 17:45:35 2024] Predict position(UTM): (439440.281250, 4220792.000000)
[INFO][Fri Aug 23 17:45:35 2024] Predict position: (44.982446, 116.231859)
[INFO][Fri Aug 23 17:45:35 2024] Real position: (38.861427, 116.129974)
[INFO][Fri Aug 23 17:45:35 2024] Real position(UTM): (424515.602528, 4330171.739265)
[INFO][Fri Aug 23 17:45:35 2024] RKNN inference run successfully.
[INFO][Fri Aug 23 17:45:35 2024] Saving image as /home/xujg/code/UAV-VisionLoc-Deploy/exp11/2024-08-23_17-44-39/17-45-35_38.7208_116.831.jpg
[INFO][Fri Aug 23 17:45:35 2024] Predict position(UTM): (437961.406250, 4220289.000000)
[INFO][Fri Aug 23 17:45:35 2024] Predict position: (44.977676, 116.213167)
[INFO][Fri Aug 23 17:45:35 2024] Real position: (38.720753, 116.830551)
[INFO][Fri Aug 23 17:45:35 2024] Real position(UTM): (485269.622339, 4314310.593136)
[INFO][Fri Aug 23 17:45:35 2024] RKNN inference run successfully.
[INFO][Fri Aug 23 17:45:35 2024] Saving image as /home/xujg/code/UAV-VisionLoc-Deploy/exp11/2024-08-23_17-44-39/17-45-35_38.6869_116.171.jpg
[INFO][Fri Aug 23 17:45:35 2024] Predict position(UTM): (437836.187500, 4220390.500000)
[INFO][Fri Aug 23 17:45:35 2024] Predict position: (44.978602, 116.211566)
[INFO][Fri Aug 23 17:45:35 2024] Real position: (38.686871, 116.171249)
[INFO][Fri Aug 23 17:45:35 2024] Real position(UTM): (427921.247855, 4310668.583782)
[INFO][Fri Aug 23 17:45:35 2024] RKNN inference run successfully.
[INFO][Fri Aug 23 17:45:35 2024] Saving image as /home/xujg/code/UAV-VisionLoc-Deploy/exp11/2024-08-23_17-44-39/17-45-35_38.3021_116.342.jpg
[INFO][Fri Aug 23 17:45:35 2024] Predict position(UTM): (437301.875000, 4220911.500000)
[INFO][Fri Aug 23 17:45:35 2024] Predict position: (44.983363, 116.204723)
[INFO][Fri Aug 23 17:45:35 2024] Real position: (38.302074, 116.342346)
[INFO][Fri Aug 23 17:45:35 2024] Real position(UTM): (442497.107270, 4267651.433618)
[INFO][Fri Aug 23 17:45:35 2024] RKNN inference run successfully.
[INFO][Fri Aug 23 17:45:35 2024] Saving image as /home/xujg/code/UAV-VisionLoc-Deploy/exp11/2024-08-23_17-44-39/17-45-35_38.2248_116.787.jpg
[INFO][Fri Aug 23 17:45:35 2024] Predict position(UTM): (439590.718750, 4220690.500000)
[INFO][Fri Aug 23 17:45:35 2024] Predict position: (44.981522, 116.233780)
[INFO][Fri Aug 23 17:45:35 2024] Real position: (38.224751, 116.787445)
[INFO][Fri Aug 23 17:45:35 2024] Real position(UTM): (481395.333076, 4258929.273869)
[INFO][Fri Aug 23 17:45:35 2024] RKNN inference run successfully.
[INFO][Fri Aug 23 17:45:35 2024] Saving image as /home/xujg/code/UAV-VisionLoc-Deploy/exp11/2024-08-23_17-44-39/17-45-35_38.5371_116.505.jpg
[INFO][Fri Aug 23 17:45:35 2024] Predict position(UTM): (437735.031250, 4220341.000000)
[INFO][Fri Aug 23 17:45:35 2024] Predict position: (44.978136, 116.210289)
[INFO][Fri Aug 23 17:45:35 2024] Real position: (38.537117, 116.505486)
[INFO][Fri Aug 23 17:45:35 2024] Real position(UTM): (456901.406928, 4293852.323093)
[INFO][Fri Aug 23 17:45:35 2024] RKNN inference run successfully.
[INFO][Fri Aug 23 17:45:36 2024] Saving image as /home/xujg/code/UAV-VisionLoc-Deploy/exp11/2024-08-23_17-44-39/17-45-36_38.6017_116.029.jpg
[INFO][Fri Aug 23 17:45:36 2024] Predict position(UTM): (439414.906250, 4220767.000000)
[INFO][Fri Aug 23 17:45:36 2024] Predict position: (44.982213, 116.231541)
[INFO][Fri Aug 23 17:45:36 2024] Real position: (38.601738, 116.029312)
[INFO][Fri Aug 23 17:45:36 2024] Real position(UTM): (415476.369910, 4301219.704440)
[INFO][Fri Aug 23 17:45:36 2024] RKNN inference run successfully.
[INFO][Fri Aug 23 17:45:36 2024] Saving image as /home/xujg/code/UAV-VisionLoc-Deploy/exp11/2024-08-23_17-44-39/17-45-36_38.5538_116.676.jpg
[INFO][Fri Aug 23 17:45:36 2024] Predict position(UTM): (437961.406250, 4220289.000000)
[INFO][Fri Aug 23 17:45:36 2024] Predict position: (44.977676, 116.213167)
[INFO][Fri Aug 23 17:45:36 2024] Real position: (38.553783, 116.675758)
[INFO][Fri Aug 23 17:45:36 2024] Real position(UTM): (471747.821323, 4295682.656087)
[INFO][Fri Aug 23 17:45:36 2024] RKNN inference run successfully.
[INFO][Fri Aug 23 17:45:36 2024] Saving image as /home/xujg/code/UAV-VisionLoc-Deploy/exp11/2024-08-23_17-44-39/17-45-36_38.3306_116.916.jpg
[INFO][Fri Aug 23 17:45:36 2024] Predict position(UTM): (437463.687500, 4221096.000000)
[INFO][Fri Aug 23 17:45:36 2024] Predict position: (44.985080, 116.206752)
[INFO][Fri Aug 23 17:45:36 2024] Real position: (38.330585, 116.915970)
[INFO][Fri Aug 23 17:45:36 2024] Real position(UTM): (492655.618398, 4270738.119651)
[INFO][Fri Aug 23 17:45:36 2024] RKNN inference run successfully.
[INFO][Fri Aug 23 17:45:36 2024] Saving image as /home/xujg/code/UAV-VisionLoc-Deploy/exp11/2024-08-23_17-44-39/17-45-36_38.1036_116.903.jpg
[INFO][Fri Aug 23 17:45:36 2024] Predict position(UTM): (437426.593750, 4221033.000000)
[INFO][Fri Aug 23 17:45:36 2024] Predict position: (44.984496, 116.206289)
[INFO][Fri Aug 23 17:45:36 2024] Real position: (38.103565, 116.902962)
[INFO][Fri Aug 23 17:45:36 2024] Real position(UTM): (491492.293754, 4245389.592304)
[INFO][Fri Aug 23 17:45:36 2024] RKNN inference run successfully.
[INFO][Fri Aug 23 17:45:36 2024] Saving image as /home/xujg/code/UAV-VisionLoc-Deploy/exp11/2024-08-23_17-44-39/17-45-36_38.5449_116.716.jpg
[INFO][Fri Aug 23 17:45:36 2024] Predict position(UTM): (437832.656250, 4221133.500000)
[INFO][Fri Aug 23 17:45:36 2024] Predict position: (44.985459, 116.211427)
[INFO][Fri Aug 23 17:45:36 2024] Real position: (38.544876, 116.716370)
[INFO][Fri Aug 23 17:45:36 2024] Real position(UTM): (475283.364718, 4294682.626909)
[INFO][Fri Aug 23 17:45:36 2024] RKNN inference run successfully.
[INFO][Fri Aug 23 17:45:36 2024] Saving image as /home/xujg/code/UAV-VisionLoc-Deploy/exp11/2024-08-23_17-44-39/17-45-36_38.2511_116.575.jpg
[INFO][Fri Aug 23 17:45:36 2024] Predict position(UTM): (437463.687500, 4221096.000000)
[INFO][Fri Aug 23 17:45:36 2024] Predict position: (44.985080, 116.206752)
[INFO][Fri Aug 23 17:45:36 2024] Real position: (38.251068, 116.575470)
[INFO][Fri Aug 23 17:45:36 2024] Real position(UTM): (462854.749665, 4261898.856500)
[INFO][Fri Aug 23 17:45:36 2024] RKNN inference run successfully.
[INFO][Fri Aug 23 17:45:36 2024] Saving image as /home/xujg/code/UAV-VisionLoc-Deploy/exp11/2024-08-23_17-44-39/17-45-36_38.7917_116.124.jpg
[INFO][Fri Aug 23 17:45:36 2024] Predict position(UTM): (438563.812500, 4221203.000000)
[INFO][Fri Aug 23 17:45:36 2024] Predict position: (44.986164, 116.220692)
[INFO][Fri Aug 23 17:45:36 2024] Real position: (38.791737, 116.123619)
[INFO][Fri Aug 23 17:45:36 2024] Real position(UTM): (423890.031226, 4322393.537646)
[INFO][Fri Aug 23 17:45:36 2024] RKNN inference run successfully.
[INFO][Fri Aug 23 17:45:37 2024] Saving image as /home/xujg/code/UAV-VisionLoc-Deploy/exp11/2024-08-23_17-44-39/17-45-37_38.016_116.176.jpg
[INFO][Fri Aug 23 17:45:37 2024] Predict position(UTM): (438538.812500, 4221228.500000)
[INFO][Fri Aug 23 17:45:37 2024] Predict position: (44.986397, 116.220372)
[INFO][Fri Aug 23 17:45:37 2024] Real position: (38.016022, 116.176491)
[INFO][Fri Aug 23 17:45:37 2024] Real position(UTM): (427713.217003, 4235773.347580)
[INFO][Fri Aug 23 17:45:37 2024] RKNN inference run successfully.
[INFO][Fri Aug 23 17:45:37 2024] Saving image as /home/xujg/code/UAV-VisionLoc-Deploy/exp11/2024-08-23_17-44-39/17-45-37_38.2682_116.742.jpg
[INFO][Fri Aug 23 17:45:37 2024] Predict position(UTM): (437438.093750, 4221046.000000)
[INFO][Fri Aug 23 17:45:37 2024] Predict position: (44.984617, 116.206434)
[INFO][Fri Aug 23 17:45:37 2024] Real position: (38.268219, 116.741783)
[INFO][Fri Aug 23 17:45:37 2024] Real position(UTM): (477412.052049, 4263787.847083)
[INFO][Fri Aug 23 17:45:37 2024] RKNN inference run successfully.
[INFO][Fri Aug 23 17:45:37 2024] Saving image as /home/xujg/code/UAV-VisionLoc-Deploy/exp11/2024-08-23_17-44-39/17-45-37_38.6542_116.925.jpg
[INFO][Fri Aug 23 17:45:37 2024] Predict position(UTM): (439414.718750, 4220742.000000)
[INFO][Fri Aug 23 17:45:37 2024] Predict position: (44.981982, 116.231541)
[INFO][Fri Aug 23 17:45:37 2024] Real position: (38.654224, 116.925171)
[INFO][Fri Aug 23 17:45:37 2024] Real position(UTM): (493488.997870, 4306876.634631)
[INFO][Fri Aug 23 17:45:37 2024] RKNN inference run successfully.
[INFO][Fri Aug 23 17:45:37 2024] Saving image as /home/xujg/code/UAV-VisionLoc-Deploy/exp11/2024-08-23_17-44-39/17-45-37_38.504_116.002.jpg
[INFO][Fri Aug 23 17:45:37 2024] Predict position(UTM): (437811.187500, 4220415.500000)
[INFO][Fri Aug 23 17:45:37 2024] Predict position: (44.978830, 116.211245)
[INFO][Fri Aug 23 17:45:37 2024] Real position: (38.504025, 116.001854)
[INFO][Fri Aug 23 17:45:37 2024] Real position(UTM): (412967.629271, 4290323.523169)
[INFO][Fri Aug 23 17:45:37 2024] RKNN inference run successfully.
[INFO][Fri Aug 23 17:45:37 2024] Saving image as /home/xujg/code/UAV-VisionLoc-Deploy/exp11/2024-08-23_17-44-39/17-45-37_38.5967_116.407.jpg
[INFO][Fri Aug 23 17:45:37 2024] Predict position(UTM): (438563.812500, 4221203.000000)
[INFO][Fri Aug 23 17:45:37 2024] Predict position: (44.986164, 116.220692)
[INFO][Fri Aug 23 17:45:37 2024] Real position: (38.596672, 116.406624)
[INFO][Fri Aug 23 17:45:37 2024] Real position(UTM): (448327.883879, 4300525.521500)
[INFO][Fri Aug 23 17:45:37 2024] RKNN inference run successfully.
[INFO][Fri Aug 23 17:45:37 2024] Saving image as /home/xujg/code/UAV-VisionLoc-Deploy/exp11/2024-08-23_17-44-39/17-45-37_38.5316_116.603.jpg
[INFO][Fri Aug 23 17:45:37 2024] Predict position(UTM): (437836.375000, 4220415.500000)
[INFO][Fri Aug 23 17:45:37 2024] Predict position: (44.978832, 116.211565)
[INFO][Fri Aug 23 17:45:37 2024] Real position: (38.531582, 116.603432)
[INFO][Fri Aug 23 17:45:37 2024] Real position(UTM): (465435.129897, 4293215.075094)
[INFO][Fri Aug 23 17:45:37 2024] RKNN inference run successfully.
[INFO][Fri Aug 23 17:45:37 2024] Saving image as /home/xujg/code/UAV-VisionLoc-Deploy/exp11/2024-08-23_17-44-39/17-45-37_38.2694_116.147.jpg
[INFO][Fri Aug 23 17:45:37 2024] Predict position(UTM): (437961.406250, 4220289.000000)
[INFO][Fri Aug 23 17:45:37 2024] Predict position: (44.977676, 116.213167)
[INFO][Fri Aug 23 17:45:37 2024] Real position: (38.269371, 116.147087)
[INFO][Fri Aug 23 17:45:37 2024] Real position(UTM): (425390.618640, 4264067.702619)
[INFO][Fri Aug 23 17:45:37 2024] RKNN inference run successfully.
[INFO][Fri Aug 23 17:45:38 2024] Saving image as /home/xujg/code/UAV-VisionLoc-Deploy/exp11/2024-08-23_17-44-39/17-45-38_38.2394_116.486.jpg
[INFO][Fri Aug 23 17:45:38 2024] Predict position(UTM): (437760.406250, 4220366.000000)
[INFO][Fri Aug 23 17:45:38 2024] Predict position: (44.978369, 116.210608)
[INFO][Fri Aug 23 17:45:38 2024] Real position: (38.239437, 116.485886)
[INFO][Fri Aug 23 17:45:38 2024] Real position(UTM): (455009.142932, 4260619.525919)
[INFO][Fri Aug 23 17:45:38 2024] RKNN inference run successfully.
[INFO][Fri Aug 23 17:45:38 2024] Saving image as /home/xujg/code/UAV-VisionLoc-Deploy/exp11/2024-08-23_17-44-39/17-45-38_38.0632_116.784.jpg
[INFO][Fri Aug 23 17:45:38 2024] Predict position(UTM): (438282.750000, 4220926.000000)
[INFO][Fri Aug 23 17:45:38 2024] Predict position: (44.983583, 116.217162)
[INFO][Fri Aug 23 17:45:38 2024] Real position: (38.063248, 116.783607)
[INFO][Fri Aug 23 17:45:38 2024] Real position(UTM): (481017.632914, 4240896.635374)
[INFO][Fri Aug 23 17:45:38 2024] RKNN inference run successfully.
[INFO][Fri Aug 23 17:45:38 2024] Saving image as /home/xujg/code/UAV-VisionLoc-Deploy/exp11/2024-08-23_17-44-39/17-45-38_38.5366_116.942.jpg
[INFO][Fri Aug 23 17:45:38 2024] Predict position(UTM): (437463.687500, 4221096.000000)
[INFO][Fri Aug 23 17:45:38 2024] Predict position: (44.985080, 116.206752)
[INFO][Fri Aug 23 17:45:38 2024] Real position: (38.536579, 116.941917)
[INFO][Fri Aug 23 17:45:38 2024] Real position(UTM): (494937.884759, 4293739.214706)
[INFO][Fri Aug 23 17:45:38 2024] RKNN inference run successfully.
[INFO][Fri Aug 23 17:45:38 2024] Saving image as /home/xujg/code/UAV-VisionLoc-Deploy/exp11/2024-08-23_17-44-39/17-45-38_38.6249_116.314.jpg
[INFO][Fri Aug 23 17:45:38 2024] Predict position(UTM): (437836.187500, 4220390.500000)
[INFO][Fri Aug 23 17:45:38 2024] Predict position: (44.978602, 116.211566)
[INFO][Fri Aug 23 17:45:38 2024] Real position: (38.624916, 116.314445)
[INFO][Fri Aug 23 17:45:38 2024] Real position(UTM): (440324.172846, 4303704.676612)
[INFO][Fri Aug 23 17:45:38 2024] RKNN inference run successfully.
[INFO][Fri Aug 23 17:45:38 2024] Saving image as /home/xujg/code/UAV-VisionLoc-Deploy/exp11/2024-08-23_17-44-39/17-45-38_38.2059_116.433.jpg
[INFO][Fri Aug 23 17:45:38 2024] Predict position(UTM): (437961.406250, 4220289.000000)
[INFO][Fri Aug 23 17:45:38 2024] Predict position: (44.977676, 116.213167)
[INFO][Fri Aug 23 17:45:38 2024] Real position: (38.205917, 116.433151)
[INFO][Fri Aug 23 17:45:38 2024] Real position(UTM): (450371.484023, 4256890.159375)
[INFO][Fri Aug 23 17:45:38 2024] RKNN inference run successfully.
[INFO][Fri Aug 23 17:45:38 2024] Saving image as /home/xujg/code/UAV-VisionLoc-Deploy/exp11/2024-08-23_17-44-39/17-45-38_38.2258_116.266.jpg
[INFO][Fri Aug 23 17:45:38 2024] Predict position(UTM): (437454.406250, 4221086.000000)
[INFO][Fri Aug 23 17:45:38 2024] Predict position: (44.984987, 116.206635)
[INFO][Fri Aug 23 17:45:38 2024] Real position: (38.225834, 116.265579)
[INFO][Fri Aug 23 17:45:38 2024] Real position(UTM): (435717.640827, 4259164.048664)
[INFO][Fri Aug 23 17:45:38 2024] RKNN inference run successfully.
[INFO][Fri Aug 23 17:45:38 2024] Saving image as /home/xujg/code/UAV-VisionLoc-Deploy/exp11/2024-08-23_17-44-39/17-45-38_38.0133_116.88.jpg
[INFO][Fri Aug 23 17:45:38 2024] Predict position(UTM): (439416.781250, 4220720.000000)
[INFO][Fri Aug 23 17:45:38 2024] Predict position: (44.981779, 116.231570)
[INFO][Fri Aug 23 17:45:38 2024] Real position: (38.013325, 116.880089)
[INFO][Fri Aug 23 17:45:38 2024] Real position(UTM): (489474.020891, 4235314.737958)
[INFO][Fri Aug 23 17:45:38 2024] RKNN inference run successfully.
[INFO][Fri Aug 23 17:45:38 2024] Saving image as /home/xujg/code/UAV-VisionLoc-Deploy/exp11/2024-08-23_17-44-39/17-45-38_38.0496_116.913.jpg
[INFO][Fri Aug 23 17:45:38 2024] Predict position(UTM): (438563.812500, 4221203.000000)
[INFO][Fri Aug 23 17:45:38 2024] Predict position: (44.986164, 116.220692)
[INFO][Fri Aug 23 17:45:38 2024] Real position: (38.049553, 116.912926)
[INFO][Fri Aug 23 17:45:38 2024] Real position(UTM): (492360.257201, 4239358.263063)
[INFO][Fri Aug 23 17:45:39 2024] RKNN inference run successfully.
[INFO][Fri Aug 23 17:45:39 2024] Saving image as /home/xujg/code/UAV-VisionLoc-Deploy/exp11/2024-08-23_17-44-39/17-45-39_38.8192_116.758.jpg
[INFO][Fri Aug 23 17:45:39 2024] Predict position(UTM): (438563.812500, 4221203.000000)
[INFO][Fri Aug 23 17:45:39 2024] Predict position: (44.986164, 116.220692)
[INFO][Fri Aug 23 17:45:39 2024] Real position: (38.819187, 116.757683)
[INFO][Fri Aug 23 17:45:39 2024] Real position(UTM): (478964.016367, 4325308.831259)
[INFO][Fri Aug 23 17:45:39 2024] RKNN inference run successfully.
[INFO][Fri Aug 23 17:45:39 2024] Saving image as /home/xujg/code/UAV-VisionLoc-Deploy/exp11/2024-08-23_17-44-39/17-45-39_38.3504_116.571.jpg
[INFO][Fri Aug 23 17:45:39 2024] Predict position(UTM): (439414.906250, 4220767.000000)
[INFO][Fri Aug 23 17:45:39 2024] Predict position: (44.982213, 116.231541)
[INFO][Fri Aug 23 17:45:39 2024] Real position: (38.350380, 116.571175)
[INFO][Fri Aug 23 17:45:39 2024] Real position(UTM): (462530.034081, 4272988.395495)
[INFO][Fri Aug 23 17:45:39 2024] RKNN inference run successfully.
[INFO][Fri Aug 23 17:45:39 2024] Saving image as /home/xujg/code/UAV-VisionLoc-Deploy/exp11/2024-08-23_17-44-39/17-45-39_38.0162_116.653.jpg
[INFO][Fri Aug 23 17:45:39 2024] Predict position(UTM): (439389.531250, 4220742.000000)
[INFO][Fri Aug 23 17:45:39 2024] Predict position: (44.981980, 116.231222)
[INFO][Fri Aug 23 17:45:39 2024] Real position: (38.016182, 116.652969)
[INFO][Fri Aug 23 17:45:39 2024] Real position(UTM): (469538.287911, 4235658.921437)
[INFO][Fri Aug 23 17:45:39 2024] RKNN inference run successfully.
[INFO][Fri Aug 23 17:45:39 2024] Saving image as /home/xujg/code/UAV-VisionLoc-Deploy/exp11/2024-08-23_17-44-39/17-45-39_38.2199_116.865.jpg
[INFO][Fri Aug 23 17:45:39 2024] Predict position(UTM): (438538.812500, 4221228.500000)
[INFO][Fri Aug 23 17:45:39 2024] Predict position: (44.986397, 116.220372)
[INFO][Fri Aug 23 17:45:39 2024] Real position: (38.219879, 116.865265)
[INFO][Fri Aug 23 17:45:39 2024] Real position(UTM): (488206.022231, 4258379.113976)
[INFO][Fri Aug 23 17:45:39 2024] RKNN inference run successfully.
[INFO][Fri Aug 23 17:45:39 2024] Saving image as /home/xujg/code/UAV-VisionLoc-Deploy/exp11/2024-08-23_17-44-39/17-45-39_38.0278_116.616.jpg
[INFO][Fri Aug 23 17:45:39 2024] Predict position(UTM): (437438.500000, 4221096.000000)
[INFO][Fri Aug 23 17:45:39 2024] Predict position: (44.985078, 116.206432)
[INFO][Fri Aug 23 17:45:39 2024] Real position: (38.027775, 116.616196)
[INFO][Fri Aug 23 17:45:39 2024] Real position(UTM): (466315.657839, 4236959.668710)
[INFO][Fri Aug 23 17:45:39 2024] RKNN inference run successfully.
[INFO][Fri Aug 23 17:45:39 2024] Saving image as /home/xujg/code/UAV-VisionLoc-Deploy/exp11/2024-08-23_17-44-39/17-45-39_38.5397_116.43.jpg
[INFO][Fri Aug 23 17:45:39 2024] Predict position(UTM): (437454.593750, 4221111.000000)
[INFO][Fri Aug 23 17:45:39 2024] Predict position: (44.985218, 116.206635)
[INFO][Fri Aug 23 17:45:39 2024] Real position: (38.539734, 116.429840)
[INFO][Fri Aug 23 17:45:39 2024] Real position(UTM): (450310.407147, 4294162.224252)
[INFO][Fri Aug 23 17:45:39 2024] RKNN inference run successfully.
[INFO][Fri Aug 23 17:45:39 2024] Saving image as /home/xujg/code/UAV-VisionLoc-Deploy/exp11/2024-08-23_17-44-39/17-45-39_38.0025_116.035.jpg
[INFO][Fri Aug 23 17:45:39 2024] Predict position(UTM): (439540.687500, 4220741.000000)
[INFO][Fri Aug 23 17:45:39 2024] Predict position: (44.981984, 116.233139)
[INFO][Fri Aug 23 17:45:39 2024] Real position: (38.002518, 116.035469)
[INFO][Fri Aug 23 17:45:39 2024] Real position(UTM): (415318.677959, 4234325.766134)
[INFO][Fri Aug 23 17:45:40 2024] RKNN inference run successfully.
[INFO][Fri Aug 23 17:45:40 2024] Saving image as /home/xujg/code/UAV-VisionLoc-Deploy/exp11/2024-08-23_17-44-39/17-45-40_38.3516_116.176.jpg
[INFO][Fri Aug 23 17:45:40 2024] Predict position(UTM): (438563.812500, 4221203.000000)
[INFO][Fri Aug 23 17:45:40 2024] Predict position: (44.986164, 116.220692)
[INFO][Fri Aug 23 17:45:40 2024] Real position: (38.351566, 116.175972)
[INFO][Fri Aug 23 17:45:40 2024] Real position(UTM): (427998.714841, 4273232.823477)
[INFO][Fri Aug 23 17:45:40 2024] RKNN inference run successfully.
[INFO][Fri Aug 23 17:45:40 2024] Saving image as /home/xujg/code/UAV-VisionLoc-Deploy/exp11/2024-08-23_17-44-39/17-45-40_38.1272_116.955.jpg
[INFO][Fri Aug 23 17:45:40 2024] Predict position(UTM): (437874.500000, 4220302.000000)
[INFO][Fri Aug 23 17:45:40 2024] Predict position: (44.977788, 116.212063)
[INFO][Fri Aug 23 17:45:40 2024] Real position: (38.127239, 116.954521)
[INFO][Fri Aug 23 17:45:40 2024] Real position(UTM): (496013.989806, 4248031.278586)
[INFO][Fri Aug 23 17:45:40 2024] RKNN inference run successfully.
[INFO][Fri Aug 23 17:45:40 2024] Saving image as /home/xujg/code/UAV-VisionLoc-Deploy/exp11/2024-08-23_17-44-39/17-45-40_38.4023_116.817.jpg
[INFO][Fri Aug 23 17:45:40 2024] Predict position(UTM): (439590.718750, 4220690.500000)
[INFO][Fri Aug 23 17:45:40 2024] Predict position: (44.981522, 116.233780)
[INFO][Fri Aug 23 17:45:40 2024] Real position: (38.402321, 116.816605)
[INFO][Fri Aug 23 17:45:40 2024] Real position(UTM): (483986.732639, 4278754.213101)
[INFO][Fri Aug 23 17:45:40 2024] RKNN inference run successfully.
[INFO][Fri Aug 23 17:45:40 2024] Saving image as /home/xujg/code/UAV-VisionLoc-Deploy/exp11/2024-08-23_17-44-39/17-45-40_38.4447_116.755.jpg
[INFO][Fri Aug 23 17:45:40 2024] Predict position(UTM): (437874.500000, 4220302.000000)
[INFO][Fri Aug 23 17:45:40 2024] Predict position: (44.977788, 116.212063)
[INFO][Fri Aug 23 17:45:40 2024] Real position: (38.444653, 116.755333)
[INFO][Fri Aug 23 17:45:40 2024] Real position(UTM): (478649.222729, 4283486.910643)
[INFO][Fri Aug 23 17:45:40 2024] RKNN inference run successfully.
[INFO][Fri Aug 23 17:45:40 2024] Saving image as /home/xujg/code/UAV-VisionLoc-Deploy/exp11/2024-08-23_17-44-39/17-45-40_38.8622_116.713.jpg
[INFO][Fri Aug 23 17:45:40 2024] Predict position(UTM): (437861.593750, 4220415.500000)
[INFO][Fri Aug 23 17:45:40 2024] Predict position: (44.978834, 116.211885)
[INFO][Fri Aug 23 17:45:40 2024] Real position: (38.862198, 116.712723)
[INFO][Fri Aug 23 17:45:40 2024] Real position(UTM): (475075.959404, 4330116.707597)
[INFO][Fri Aug 23 17:45:40 2024] RKNN inference run successfully.
[INFO][Fri Aug 23 17:45:40 2024] Saving image as /home/xujg/code/UAV-VisionLoc-Deploy/exp11/2024-08-23_17-44-39/17-45-40_38.1488_116.576.jpg
[INFO][Fri Aug 23 17:45:40 2024] Predict position(UTM): (437301.875000, 4220911.500000)
[INFO][Fri Aug 23 17:45:40 2024] Predict position: (44.983363, 116.204723)
[INFO][Fri Aug 23 17:45:40 2024] Real position: (38.148750, 116.576073)
[INFO][Fri Aug 23 17:45:40 2024] Real position(UTM): (462855.540075, 4250474.544893)
