2024-08-08T14:19:50.527584+0800 - py_utils.process_manager - DEBUG - load local database features...
2024-08-08T14:19:50.769649+0800 - py_utils.process_manager - DEBUG - faiss init...
2024-08-08T14:19:50.984641+0800 - py_utils.process_manager - DEBUG - setup model...
2024-08-08T14:19:51.247996+0800 - __main__ - INFO - load local queries path. 
2024-08-08T14:19:51.252934+0800 - __main__ - INFO - Infer 1/1
2024-08-08T14:19:51.300892+0800 - py_utils.process_manager - DEBUG - rknn model inference...
2024-08-08T14:19:51.414678+0800 - py_utils.process_manager - DEBUG - post process...
2024-08-08T14:19:51.466987+0800 - py_utils.process_manager - DEBUG - Inference time: 0.1133 s
2024-08-08T14:19:51.467429+0800 - py_utils.process_manager - DEBUG - post process time: 0.0523 s
2024-08-08T14:19:51.471287+0800 - __main__ - DEBUG - pre processing time: 0.0475 s
2024-08-08T14:19:51.471593+0800 - __main__ - INFO - Position: [116.281966228681, 38.13250004045352]
2024-08-08T14:19:51.478977+0800 - py_utils.utils - INFO - Position result saved to /home/xujg/code/UAV-VisionLoc-Deploy/python/result/@437073@4220795@0.023907@0.027543@-0.013408@381.7430114746@35075@.jpg
2024-08-08T14:20:51.845541+0800 - __main__ - INFO - load local queries path. 
2024-08-08T14:20:51.850692+0800 - __main__ - INFO - Infer 1/1
2024-08-08T14:20:52.018644+0800 - __main__ - INFO - Position: [116.281966228681, 38.13250004045352]
2024-08-08T14:20:52.025515+0800 - py_utils.utils - INFO - Position result saved to /home/xujg/code/UAV-VisionLoc-Deploy/python/result/@437073@4220795@0.023907@0.027543@-0.013408@381.7430114746@35075@.jpg
2024-08-09T13:57:49.877210+0800 - __main__ - INFO - demo, load local queries path. 
2024-08-09T13:57:49.908683+0800 - __main__ - INFO - Infer 1/1
2024-08-09T13:57:50.249172+0800 - __main__ - INFO - Position: [116.281966228681, 38.13250004045352]
2024-08-09T13:57:50.257049+0800 - py_utils.utils - INFO - Position result saved to /home/xujg/code/UAV-VisionLoc-Deploy/python/result/@437073@4220795@0.023907@0.027543@-0.013408@381.7430114746@35075@.jpg
2024-08-09T17:47:39.045200+0800 - __main__ - INFO - demo, load local queries path. 
2024-08-09T17:47:39.050241+0800 - __main__ - INFO - Infer 1/1
2024-08-09T17:48:07.543477+0800 - __main__ - INFO - demo, load local queries path. 
2024-08-09T17:48:07.558448+0800 - __main__ - INFO - Infer 1/1
2024-08-09T17:48:33.174303+0800 - __main__ - INFO - demo, load local queries path. 
2024-08-09T17:48:33.187434+0800 - __main__ - INFO - Infer 1/1
2024-08-09T17:49:53.346589+0800 - __main__ - INFO - demo, load local queries path. 
2024-08-09T17:49:53.351565+0800 - __main__ - INFO - Infer 1/1
2024-08-09T17:49:53.616752+0800 - __main__ - INFO - Position: [116.281966228681, 38.13250004045352]
2024-08-09T17:49:53.625926+0800 - py_utils.utils - INFO - Position result saved to /home/xujg/code/UAV-VisionLoc-Deploy/python/result/@437073@4220795@0.023907@0.027543@-0.013408@381.7430114746@35075@.jpg
2024-08-09T18:10:05.589717+0800 - __main__ - INFO - demo, load local queries path. 
2024-08-09T18:10:05.594795+0800 - __main__ - INFO - Infer 1/1
2024-08-09T18:10:05.906928+0800 - __main__ - INFO - Position: [ 437071.753968 4220759.827505]
2024-08-09T18:10:05.916590+0800 - py_utils.utils - INFO - Position result saved to /home/xujg/code/UAV-VisionLoc-Deploy/python/result/@437073@4220795@0.023907@0.027543@-0.013408@381.7430114746@35075@.jpg
2024-08-09T18:10:22.820299+0800 - __main__ - INFO - demo, load local queries path. 
2024-08-09T18:10:22.825336+0800 - __main__ - INFO - Infer 1/1
2024-08-09T18:10:23.019916+0800 - __main__ - INFO - Position: [ 437071.753968 4220759.827505]
2024-08-09T18:10:23.027803+0800 - py_utils.utils - INFO - Position result saved to /home/xujg/code/UAV-VisionLoc-Deploy/python/result/@437073@4220795@0.023907@0.027543@-0.013408@381.7430114746@35075@.jpg
2024-08-09T18:17:45.770437+0800 - __main__ - INFO - start0: 0x55, start1: 0xaa, length: 41, id: 151, time: 1723198665, actime: 1723198666, lat: 38.33444595336914, lng: 116.24439239501953, height: 285.0, yaw: 0.0010000000474974513, pitch: 0.0010000000474974513, roll: 0.0010000000474974513, angle: 90.0, crc: 0xff
2024-08-09T18:19:18.101049+0800 - __main__ - INFO - start0: 0x55, start1: 0xaa, length: 41, id: 151, time: 1723198757, actime: 1723198758, lat: 38.33444595336914, lng: 116.24439239501953, height: 285.0, yaw: 0.0010000000474974513, pitch: 0.0010000000474974513, roll: 0.0010000000474974513, angle: 90.0, crc: 0xff
2024-08-09T18:21:27.406623+0800 - __main__ - INFO - start0: 0x55, start1: 0xaa, length: 41, id: 151, time: 1723198887, actime: 1723198888, lat: 38.33444595336914, lng: 116.24439239501953, height: 285.0, yaw: 0.0010000000474974513, pitch: 0.0010000000474974513, roll: 0.0010000000474974513, angle: 90.0, crc: 0xff
2024-08-09T18:21:27.925829+0800 - __main__ - INFO - Position: [ 438699.233408 4221236.878527]
2024-08-09T18:21:28.427276+0800 - __main__ - INFO - start0: 0x55, start1: 0xaa, length: 41, id: 151, time: 1723198888, actime: 1723198889, lat: 38.33444595336914, lng: 116.24439239501953, height: 285.0, yaw: 0.0010000000474974513, pitch: 0.0010000000474974513, roll: 0.0010000000474974513, angle: 90.0, crc: 0xff
2024-08-09T18:21:28.696430+0800 - __main__ - INFO - Position: [ 438687.718574 4221224.180285]
2024-08-09T18:21:29.197798+0800 - __main__ - INFO - start0: 0x55, start1: 0xaa, length: 41, id: 151, time: 1723198889, actime: 1723198890, lat: 38.33444595336914, lng: 116.24439239501953, height: 285.0, yaw: 0.0010000000474974513, pitch: 0.0010000000474974513, roll: 0.0010000000474974513, angle: 90.0, crc: 0xff
2024-08-09T18:21:29.412997+0800 - __main__ - INFO - Position: [ 438538.989997 4221253.407486]
2024-08-09T18:21:30.059323+0800 - __main__ - INFO - start0: 0x55, start1: 0xaa, length: 41, id: 151, time: 1723198890, actime: 1723198891, lat: 38.33444595336914, lng: 116.24439239501953, height: 285.0, yaw: 0.0010000000474974513, pitch: 0.0010000000474974513, roll: 0.0010000000474974513, angle: 90.0, crc: 0xff
2024-08-09T18:21:30.289419+0800 - __main__ - INFO - Position: [ 438687.90776  4221249.267444]
2024-08-09T18:21:31.060747+0800 - __main__ - INFO - start0: 0x55, start1: 0xaa, length: 41, id: 151, time: 1723198891, actime: 1723198892, lat: 38.33444595336914, lng: 116.24439239501953, height: 285.0, yaw: 0.0010000000474974513, pitch: 0.0010000000474974513, roll: 0.0010000000474974513, angle: 90.0, crc: 0xff
2024-08-09T18:21:31.296203+0800 - __main__ - INFO - Position: [ 438564.371275 4221278.304163]
2024-08-09T18:21:32.061252+0800 - __main__ - INFO - start0: 0x55, start1: 0xaa, length: 41, id: 151, time: 1723198892, actime: 1723198893, lat: 38.33444595336914, lng: 116.24439239501953, height: 285.0, yaw: 0.0010000000474974513, pitch: 0.0010000000474974513, roll: 0.0010000000474974513, angle: 90.0, crc: 0xff
2024-08-09T18:21:32.271980+0800 - __main__ - INFO - Position: [ 438027.890364 4220303.865818]
2024-08-09T18:21:33.062909+0800 - __main__ - INFO - start0: 0x55, start1: 0xaa, length: 41, id: 151, time: 1723198893, actime: 1723198894, lat: 38.33444595336914, lng: 116.24439239501953, height: 285.0, yaw: 0.0010000000474974513, pitch: 0.0010000000474974513, roll: 0.0010000000474974513, angle: 90.0, crc: 0xff
2024-08-09T18:21:33.310762+0800 - __main__ - INFO - Position: [ 438025.657375 4220300.866817]
2024-08-09T18:21:34.064100+0800 - __main__ - INFO - start0: 0x55, start1: 0xaa, length: 41, id: 151, time: 1723198894, actime: 1723198895, lat: 38.33444595336914, lng: 116.24439239501953, height: 285.0, yaw: 0.0010000000474974513, pitch: 0.0010000000474974513, roll: 0.0010000000474974513, angle: 90.0, crc: 0xff
2024-08-09T18:21:34.281848+0800 - __main__ - INFO - Position: [ 438027.890364 4220303.865818]
2024-08-09T18:21:35.065281+0800 - __main__ - INFO - start0: 0x55, start1: 0xaa, length: 41, id: 151, time: 1723198895, actime: 1723198896, lat: 38.33444595336914, lng: 116.24439239501953, height: 285.0, yaw: 0.0010000000474974513, pitch: 0.0010000000474974513, roll: 0.0010000000474974513, angle: 90.0, crc: 0xff
2024-08-09T18:21:35.277200+0800 - __main__ - INFO - Position: [ 437977.501021 4220304.249942]
2024-08-09T18:21:36.066539+0800 - __main__ - INFO - start0: 0x55, start1: 0xaa, length: 41, id: 151, time: 1723198896, actime: 1723198897, lat: 38.33444595336914, lng: 116.24439239501953, height: 285.0, yaw: 0.0010000000474974513, pitch: 0.0010000000474974513, roll: 0.0010000000474974513, angle: 90.0, crc: 0xff
2024-08-09T18:21:36.323961+0800 - __main__ - INFO - Position: [ 438027.890364 4220303.865818]
2024-08-09T18:21:37.068063+0800 - __main__ - INFO - start0: 0x55, start1: 0xaa, length: 41, id: 151, time: 1723198897, actime: 1723198898, lat: 38.33444595336914, lng: 116.24439239501953, height: 285.0, yaw: 0.0010000000474974513, pitch: 0.0010000000474974513, roll: 0.0010000000474974513, angle: 90.0, crc: 0xff
2024-08-09T18:21:37.325784+0800 - __main__ - INFO - Position: [ 438025.657375 4220300.866817]
2024-08-09T18:21:38.069283+0800 - __main__ - INFO - start0: 0x55, start1: 0xaa, length: 41, id: 151, time: 1723198898, actime: 1723198899, lat: 38.33444595336914, lng: 116.24439239501953, height: 285.0, yaw: 0.0010000000474974513, pitch: 0.0010000000474974513, roll: 0.0010000000474974513, angle: 90.0, crc: 0xff
2024-08-09T18:21:38.274386+0800 - __main__ - INFO - Position: [ 437977.501021 4220304.249942]
2024-08-09T18:21:39.070697+0800 - __main__ - INFO - start0: 0x55, start1: 0xaa, length: 41, id: 151, time: 1723198899, actime: 1723198900, lat: 38.33444595336914, lng: 116.24439239501953, height: 285.0, yaw: 0.0010000000474974513, pitch: 0.0010000000474974513, roll: 0.0010000000474974513, angle: 90.0, crc: 0xff
2024-08-09T18:21:39.300729+0800 - __main__ - INFO - Position: [ 437977.501021 4220304.249942]
2024-08-09T18:21:40.071866+0800 - __main__ - INFO - start0: 0x55, start1: 0xaa, length: 41, id: 151, time: 1723198900, actime: 1723198901, lat: 38.33444595336914, lng: 116.24439239501953, height: 285.0, yaw: 0.0010000000474974513, pitch: 0.0010000000474974513, roll: 0.0010000000474974513, angle: 90.0, crc: 0xff
2024-08-09T18:21:40.292775+0800 - __main__ - INFO - Position: [ 438027.890364 4220303.865818]
